New log file opened at Tue Sep 20 13:32:08 CDT 2016 by 71850@Edgars-iMac-2.local
Taking next connection to: 53781
New client attempting to connect on port: 53782-53781
  Address = /10.194.24.103:53781
This client on port 53782 has uuid eb486f3c-9b65-4af8-973a-38162b6839b6 configName activator humanReadableName Activator protocolVersion 3 featureTags Vector()
Connected Clients: activator-eb486f3c-9b65-4af8-973a-38162b6839b6
Taking next connection to: 53781
New client attempting to connect on port: 53783-53781
  Address = /10.194.24.103:53781
Handshake exception on socket: 53783
sbt.impl.ipc.HandshakeException: Unable to perform handshake
	at sbt.impl.ipc.Peer.handshake(IPC.scala:46)
	at sbt.impl.ipc.MultiClientServer.<init>(IPC.scala:150)
	at sbt.server.SbtServerSocketHandler$$anon$1.run(SbtServerSocketHandler.scala:43)
Caused by: java.io.EOFException
	at java.io.DataInputStream.readInt(DataInputStream.java:392)
	at sbt.impl.ipc.Peer.receive(IPC.scala:95)
	at sbt.impl.ipc.Peer.handshake(IPC.scala:49)
	... 2 more
Taking next connection to: 53781
New client attempting to connect on port: 53784-53781
  Address = /10.194.24.103:53781
This client on port 53784 has uuid afe4f0bb-46f8-48ad-ae2d-6bea7bbaeeef configName play-fork-run humanReadableName Play Fork Run protocolVersion 1 featureTags Vector()
Connected Clients: activator-eb486f3c-9b65-4af8-973a-38162b6839b6, play-fork-run-afe4f0bb-46f8-48ad-ae2d-6bea7bbaeeef
Taking next connection to: 53781
New client attempting to connect on port: 53785-53781
  Address = /10.194.24.103:53781
Handshake exception on socket: 53785
sbt.impl.ipc.HandshakeException: Unable to perform handshake
	at sbt.impl.ipc.Peer.handshake(IPC.scala:46)
	at sbt.impl.ipc.MultiClientServer.<init>(IPC.scala:150)
	at sbt.server.SbtServerSocketHandler$$anon$1.run(SbtServerSocketHandler.scala:43)
Caused by: java.io.EOFException
	at java.io.DataInputStream.readInt(DataInputStream.java:392)
	at sbt.impl.ipc.Peer.receive(IPC.scala:95)
	at sbt.impl.ipc.Peer.handshake(IPC.scala:49)
	... 2 more
Taking next connection to: 53781
New client attempting to connect on port: 53786-53781
  Address = /10.194.24.103:53781
This client on port 53786 has uuid 18fa7181-a510-4fec-853e-a5466583f875 configName activator humanReadableName Activator protocolVersion 3 featureTags Vector()
Connected Clients: activator-eb486f3c-9b65-4af8-973a-38162b6839b6, play-fork-run-afe4f0bb-46f8-48ad-ae2d-6bea7bbaeeef, activator-18fa7181-a510-4fec-853e-a5466583f875
Taking next connection to: 53781
New client attempting to connect on port: 53787-53781
  Address = /10.194.24.103:53781
Handshake exception on socket: 53787
sbt.impl.ipc.HandshakeException: Unable to perform handshake
	at sbt.impl.ipc.Peer.handshake(IPC.scala:46)
	at sbt.impl.ipc.MultiClientServer.<init>(IPC.scala:150)
	at sbt.server.SbtServerSocketHandler$$anon$1.run(SbtServerSocketHandler.scala:43)
Caused by: java.io.EOFException
	at java.io.DataInputStream.readInt(DataInputStream.java:392)
	at sbt.impl.ipc.Peer.receive(IPC.scala:95)
	at sbt.impl.ipc.Peer.handshake(IPC.scala:49)
	... 2 more
Taking next connection to: 53781
New client attempting to connect on port: 53788-53781
  Address = /10.194.24.103:53781
This client on port 53788 has uuid d8c0b8dd-976e-4c65-8890-5d8c442b5c6c configName play-fork-run humanReadableName Play Fork Run protocolVersion 1 featureTags Vector()
Connected Clients: activator-eb486f3c-9b65-4af8-973a-38162b6839b6, play-fork-run-afe4f0bb-46f8-48ad-ae2d-6bea7bbaeeef, activator-18fa7181-a510-4fec-853e-a5466583f875, play-fork-run-d8c0b8dd-976e-4c65-8890-5d8c442b5c6c
Taking next connection to: 53781
New client attempting to connect on port: 53801-53781
  Address = /10.194.24.103:53781
Handshake exception on socket: 53801
sbt.impl.ipc.HandshakeException: Unable to perform handshake
	at sbt.impl.ipc.Peer.handshake(IPC.scala:46)
	at sbt.impl.ipc.MultiClientServer.<init>(IPC.scala:150)
	at sbt.server.SbtServerSocketHandler$$anon$1.run(SbtServerSocketHandler.scala:43)
Caused by: java.io.EOFException
	at java.io.DataInputStream.readInt(DataInputStream.java:392)
	at sbt.impl.ipc.Peer.receive(IPC.scala:95)
	at sbt.impl.ipc.Peer.handshake(IPC.scala:49)
	... 2 more
Taking next connection to: 53781
New client attempting to connect on port: 53802-53781
  Address = /10.194.24.103:53781
This client on port 53802 has uuid 6d8f87f2-7435-41c8-ba0e-ecf5a23b78e2 configName play-fork-run humanReadableName Play Fork Run protocolVersion 1 featureTags Vector()
Connected Clients: play-fork-run-afe4f0bb-46f8-48ad-ae2d-6bea7bbaeeef, activator-18fa7181-a510-4fec-853e-a5466583f875, play-fork-run-6d8f87f2-7435-41c8-ba0e-ecf5a23b78e2
Taking next connection to: 53781
Checking to see if clients are empty...
We have 1 non-daemon clients, continuing serving connections.
Taking next connection to: 53781
Checking to see if clients are empty...
We have 1 non-daemon clients, continuing serving connections.
Taking next connection to: 53781
Checking to see if clients are empty...
We have 1 non-daemon clients, continuing serving connections.
Taking next connection to: 53781
Checking to see if clients are empty...
We have 1 non-daemon clients, continuing serving connections.
Taking next connection to: 53781
Checking to see if clients are empty...
We have 1 non-daemon clients, continuing serving connections.
Taking next connection to: 53781
Checking to see if clients are empty...
We have 1 non-daemon clients, continuing serving connections.
Taking next connection to: 53781
Checking to see if clients are empty...
We have 1 non-daemon clients, continuing serving connections.
Taking next connection to: 53781
Checking to see if clients are empty...
We have 1 non-daemon clients, continuing serving connections.
Taking next connection to: 53781
Checking to see if clients are empty...
We have 1 non-daemon clients, continuing serving connections.
Taking next connection to: 53781
Checking to see if clients are empty...
We have 1 non-daemon clients, continuing serving connections.
Taking next connection to: 53781
